<?xml version="1.0" encoding="UTF-8"?>
<testng-results skipped="0" failed="0" ignored="0" total="1" passed="1">
  <reporter-output>
  </reporter-output>
  <suite name="Default suite" duration-ms="46805" started-at="2020-04-15T10:34:02 IST" finished-at="2020-04-15T10:34:49 IST">
    <groups>
    </groups>
    <test name="Default test" duration-ms="46805" started-at="2020-04-15T10:34:02 IST" finished-at="2020-04-15T10:34:49 IST">
      <class name="Zoopla">
        <test-method status="PASS" signature="f()[pri:0, instance:Zoopla@1d16f93d]" name="f" duration-ms="46774" started-at="2020-04-15T10:34:02 IST" finished-at="2020-04-15T10:34:49 IST">
          <reporter-output>
          </reporter-output>
        </test-method> <!-- f -->
      </class> <!-- Zoopla -->
    </test> <!-- Default test -->
  </suite> <!-- Default suite -->
</testng-results>
